
SQL*Loader: Release 11.2.0.2.0 - Production on 목 6월 24 10:16:26 2021

Copyright (c) 1982, 2009, Oracle and/or its affiliates.  All rights reserved.

Control File:   film_table.txt
Data File:      C:\Users\Playdata\Desktop\Mini Project\Tea-Time\database\FILM.csv
  Bad File:     FILM.bad
  Discard File:  none specified
 
 (Allow all discards)

Number to load: ALL
Number to skip: 0
Errors allowed: ALL
Bind array:     64 rows, maximum of 256000 bytes
Continuation:    none specified
Path used:      Conventional

Table FILMS, loaded from every logical record.
Insert option in effect for this table: APPEND

   Column Name                  Position   Len  Term Encl Datatype
------------------------------ ---------- ----- ---- ---- ---------------------
FILM_BRAND                          FIRST     *   ,       CHARACTER            
FILM_NAME                            NEXT     *   ,       CHARACTER            
FILM_TYPE                            NEXT     *   ,       CHARACTER            
ISO                                  NEXT     *   ,       CHARACTER            

Record 1: Rejected - Error on table FILMS, column FILM_TYPE.
ORA-12899: value too large for column "SCOTT"."FILMS"."FILM_TYPE" (actual: 9, maximum: 5)


Table FILMS:
  27 Rows successfully loaded.
  1 Row not loaded due to data errors.
  0 Rows not loaded because all WHEN clauses were failed.
  0 Rows not loaded because all fields were null.


Space allocated for bind array:                  66048 bytes(64 rows)
Read   buffer bytes: 1048576

Total logical records skipped:          0
Total logical records read:            28
Total logical records rejected:         1
Total logical records discarded:        0

Run began on 목 6월  24 10:16:26 2021
Run ended on 목 6월  24 10:16:26 2021

Elapsed time was:     00:00:00.23
CPU time was:         00:00:00.10
